Base path: C:/Program Files/Unity/Hub/Editor/2019.1.0f2/Editor/Data
Cmd: initializeCompiler
Cmd: compileComputeKernel
  api=4 insize=12733 outsize=1033 ok=1
Cmd: compileComputeKernel
  api=4 insize=65748 outsize=7597 ok=1
Cmd: compileComputeKernel
  api=4 insize=4631 outsize=1857 ok=1
Cmd: compileComputeKernel
  api=4 insize=4631 outsize=1857 ok=1
Cmd: compileComputeKernel
  api=4 insize=24259 outsize=6201 ok=1
Cmd: compileComputeKernel
  api=4 insize=28420 outsize=1685 ok=1
Cmd: compileComputeKernel
  api=4 insize=28420 outsize=2029 ok=1
Cmd: compileComputeKernel
  api=4 insize=28420 outsize=3017 ok=1
Cmd: compileComputeKernel
  api=4 insize=28420 outsize=1305 ok=1
Cmd: compileComputeKernel
  api=4 insize=28420 outsize=1857 ok=1
Cmd: compileComputeKernel
  api=4 insize=28420 outsize=1337 ok=1
Cmd: compileComputeKernel
  api=4 insize=21203 outsize=813 ok=1
Cmd: compileComputeKernel
  api=4 insize=21203 outsize=869 ok=1
Cmd: compileComputeKernel
  api=4 insize=21203 outsize=701 ok=1
Cmd: compileComputeKernel
  api=4 insize=21203 outsize=1169 ok=1
Cmd: compileComputeKernel
  api=4 insize=21203 outsize=1293 ok=1
Cmd: compileComputeKernel
  api=4 insize=21203 outsize=1313 ok=1
Cmd: compileComputeKernel
  api=4 insize=21203 outsize=1333 ok=1
Cmd: compileComputeKernel
  api=4 insize=21203 outsize=1241 ok=1
Cmd: compileComputeKernel
  api=4 insize=21203 outsize=1709 ok=1
Cmd: compileSnippet
  api=4 type=0 insize=1596 outsize=2002 kw=UNITY_PASS_FORWARDBASE DIRECTIONAL SHADOWS_SCREEN LIGHTPROBE_SH pd=UNITY_ENABLE_REFLECTION_BUFFERS UNITY_USE_DITHER_MASK_FOR_ALPHABLENDED_SHADOWS UNITY_PBS_USE_BRDF1 UNITY_SPECCUBE_BOX_PROJECTION UNITY_SPECCUBE_BLENDING UNITY_ENABLE_DETAIL_NORMALMAP SHADER_API_DESKTOP UNITY_COLORSPACE_GAMMA UNITY_LIGHT_PROBE_PROXY_VOLUME UNITY_LIGHTMAP_FULL_HDR ok=1
