Base path: C:/Program Files/Unity/Hub/Editor/2019.1.0f2/Editor/Data
Cmd: initializeCompiler
Cmd: compileSnippet
  api=4 type=1 insize=16611 outsize=902 kw=_SUNDISK_SIMPLE pd=UNITY_ENABLE_REFLECTION_BUFFERS UNITY_USE_DITHER_MASK_FOR_ALPHABLENDED_SHADOWS UNITY_PBS_USE_BRDF1 UNITY_SPECCUBE_BOX_PROJECTION UNITY_SPECCUBE_BLENDING UNITY_ENABLE_DETAIL_NORMALMAP SHADER_API_DESKTOP UNITY_COLORSPACE_GAMMA UNITY_LIGHT_PROBE_PROXY_VOLUME UNITY_LIGHTMAP_FULL_HDR ok=1
Cmd: initializeCompiler
Cmd: compileComputeKernel
  api=4 insize=12733 outsize=1053 ok=1
Cmd: compileComputeKernel
  api=4 insize=12733 outsize=2133 ok=1
Cmd: compileComputeKernel
  api=4 insize=12733 outsize=2961 ok=1
Cmd: compileComputeKernel
  api=4 insize=65748 outsize=5377 ok=1
Cmd: compileComputeKernel
  api=4 insize=4631 outsize=1857 ok=1
Cmd: compileComputeKernel
  api=4 insize=24259 outsize=12157 ok=1
Cmd: compileComputeKernel
  api=4 insize=28420 outsize=2629 ok=1
Cmd: compileComputeKernel
  api=4 insize=28420 outsize=1609 ok=1
Cmd: compileComputeKernel
  api=4 insize=28420 outsize=1457 ok=1
Cmd: compileComputeKernel
  api=4 insize=28420 outsize=1305 ok=1
Cmd: compileComputeKernel
  api=4 insize=28420 outsize=1857 ok=1
Cmd: compileComputeKernel
  api=4 insize=28420 outsize=1337 ok=1
Cmd: compileComputeKernel
  api=4 insize=28420 outsize=2497 ok=1
Cmd: compileComputeKernel
  api=4 insize=21203 outsize=713 ok=1
Cmd: compileComputeKernel
  api=4 insize=21203 outsize=857 ok=1
Cmd: compileComputeKernel
  api=4 insize=21203 outsize=797 ok=1
Cmd: compileComputeKernel
  api=4 insize=21203 outsize=1317 ok=1
Cmd: compileComputeKernel
  api=4 insize=21203 outsize=1437 ok=1
Cmd: compileComputeKernel
  api=4 insize=21203 outsize=1301 ok=1
Cmd: compileComputeKernel
  api=4 insize=21203 outsize=1437 ok=1
Cmd: compileComputeKernel
  api=4 insize=21203 outsize=1281 ok=1
Cmd: compileComputeKernel
  api=4 insize=21203 outsize=1773 ok=1
Cmd: compileSnippet
  api=4 type=0 insize=11846 outsize=1258 kw=SHADOWS_SPLIT_SPHERES pd=UNITY_ENABLE_REFLECTION_BUFFERS UNITY_USE_DITHER_MASK_FOR_ALPHABLENDED_SHADOWS UNITY_PBS_USE_BRDF1 UNITY_SPECCUBE_BOX_PROJECTION UNITY_SPECCUBE_BLENDING UNITY_ENABLE_DETAIL_NORMALMAP SHADER_API_DESKTOP UNITY_COLORSPACE_GAMMA UNITY_LIGHT_PROBE_PROXY_VOLUME UNITY_LIGHTMAP_FULL_HDR ok=1
